Determining if the pthread_create exist failed with the following output:
Change Dir: /home/tomelloso/dmp_praktikum/CMakeFiles/CMakeTmp

Run Build Command:/usr/bin/make "cmTryCompileExec2924060139/fast"
/usr/bin/make -f CMakeFiles/cmTryCompileExec2924060139.dir/build.make CMakeFiles/cmTryCompileExec2924060139.dir/build
make[1]: Entering directory `/home/tomelloso/dmp_praktikum/CMakeFiles/CMakeTmp'
/usr/bin/cmake -E cmake_progress_report /home/tomelloso/dmp_praktikum/CMakeFiles/CMakeTmp/CMakeFiles 1
Building C object CMakeFiles/cmTryCompileExec2924060139.dir/CheckSymbolExists.c.o
/usr/bin/cc    -o CMakeFiles/cmTryCompileExec2924060139.dir/CheckSymbolExists.c.o   -c /home/tomelloso/dmp_praktikum/CMakeFiles/CMakeTmp/CheckSymbolExists.c
Linking C executable cmTryCompileExec2924060139
/usr/bin/cmake -E cmake_link_script CMakeFiles/cmTryCompileExec2924060139.dir/link.txt --verbose=1
/usr/bin/cc       CMakeFiles/cmTryCompileExec2924060139.dir/CheckSymbolExists.c.o  -o cmTryCompileExec2924060139 -rdynamic 
CMakeFiles/cmTryCompileExec2924060139.dir/CheckSymbolExists.c.o: In function `main':
CheckSymbolExists.c:(.text+0x16): undefined reference to `pthread_create'
collect2: error: ld returned 1 exit status
make[1]: *** [cmTryCompileExec2924060139] Error 1
make[1]: Leaving directory `/home/tomelloso/dmp_praktikum/CMakeFiles/CMakeTmp'
make: *** [cmTryCompileExec2924060139/fast] Error 2

File /home/tomelloso/dmp_praktikum/CMakeFiles/CMakeTmp/CheckSymbolExists.c:
/* */
#include <pthread.h>

int main(int argc, char** argv)
{
  (void)argv;
#ifndef pthread_create
  return ((int*)(&pthread_create))[argc];
#else
  (void)argc;
  return 0;
#endif
}

Determining if the function pthread_create exists in the pthreads failed with the following output:
Change Dir: /home/tomelloso/dmp_praktikum/CMakeFiles/CMakeTmp

Run Build Command:/usr/bin/make "cmTryCompileExec4161307090/fast"
/usr/bin/make -f CMakeFiles/cmTryCompileExec4161307090.dir/build.make CMakeFiles/cmTryCompileExec4161307090.dir/build
make[1]: Entering directory `/home/tomelloso/dmp_praktikum/CMakeFiles/CMakeTmp'
/usr/bin/cmake -E cmake_progress_report /home/tomelloso/dmp_praktikum/CMakeFiles/CMakeTmp/CMakeFiles 1
Building C object CMakeFiles/cmTryCompileExec4161307090.dir/CheckFunctionExists.c.o
/usr/bin/cc   -DCHECK_FUNCTION_EXISTS=pthread_create   -o CMakeFiles/cmTryCompileExec4161307090.dir/CheckFunctionExists.c.o   -c /usr/share/cmake-2.8/Modules/CheckFunctionExists.c
Linking C executable cmTryCompileExec4161307090
/usr/bin/cmake -E cmake_link_script CMakeFiles/cmTryCompileExec4161307090.dir/link.txt --verbose=1
/usr/bin/cc   -DCHECK_FUNCTION_EXISTS=pthread_create    CMakeFiles/cmTryCompileExec4161307090.dir/CheckFunctionExists.c.o  -o cmTryCompileExec4161307090 -rdynamic -lpthreads 
/usr/bin/ld: cannot find -lpthreads
collect2: error: ld returned 1 exit status
make[1]: *** [cmTryCompileExec4161307090] Error 1
make[1]: Leaving directory `/home/tomelloso/dmp_praktikum/CMakeFiles/CMakeTmp'
make: *** [cmTryCompileExec4161307090/fast] Error 2


